Determining if the pthread_create exist failed with the following output:
Change Dir: /home/noa/Desktop/catkin_ws/build/fake_ar_publisher/CMakeFiles/CMakeTmp

Run Build Command:"/usr/bin/make" "cmTC_9fc85/fast"
/usr/bin/make -f CMakeFiles/cmTC_9fc85.dir/build.make CMakeFiles/cmTC_9fc85.dir/build
make[1]: Entering directory '/home/noa/Desktop/catkin_ws/build/fake_ar_publisher/CMakeFiles/CMakeTmp'
Building C object CMakeFiles/cmTC_9fc85.dir/CheckSymbolExists.c.o
/usr/bin/cc    -o CMakeFiles/cmTC_9fc85.dir/CheckSymbolExists.c.o   -c /home/noa/Desktop/catkin_ws/build/fake_ar_publisher/CMakeFiles/CMakeTmp/CheckSymbolExists.c
Linking C executable cmTC_9fc85
/usr/bin/cmake -E cmake_link_script CMakeFiles/cmTC_9fc85.dir/link.txt --verbose=1
/usr/bin/cc      -rdynamic CMakeFiles/cmTC_9fc85.dir/CheckSymbolExists.c.o  -o cmTC_9fc85 
CMakeFiles/cmTC_9fc85.dir/CheckSymbolExists.c.o: In function `main':
CheckSymbolExists.c:(.text+0x1b): undefined reference to `pthread_create'
collect2: error: ld returned 1 exit status
CMakeFiles/cmTC_9fc85.dir/build.make:97: recipe for target 'cmTC_9fc85' failed
make[1]: *** [cmTC_9fc85] Error 1
make[1]: Leaving directory '/home/noa/Desktop/catkin_ws/build/fake_ar_publisher/CMakeFiles/CMakeTmp'
Makefile:126: recipe for target 'cmTC_9fc85/fast' failed
make: *** [cmTC_9fc85/fast] Error 2

File /home/noa/Desktop/catkin_ws/build/fake_ar_publisher/CMakeFiles/CMakeTmp/CheckSymbolExists.c:
/* */
#include <pthread.h>

int main(int argc, char** argv)
{
  (void)argv;
#ifndef pthread_create
  return ((int*)(&pthread_create))[argc];
#else
  (void)argc;
  return 0;
#endif
}

Determining if the function pthread_create exists in the pthreads failed with the following output:
Change Dir: /home/noa/Desktop/catkin_ws/build/fake_ar_publisher/CMakeFiles/CMakeTmp

Run Build Command:"/usr/bin/make" "cmTC_6e553/fast"
/usr/bin/make -f CMakeFiles/cmTC_6e553.dir/build.make CMakeFiles/cmTC_6e553.dir/build
make[1]: Entering directory '/home/noa/Desktop/catkin_ws/build/fake_ar_publisher/CMakeFiles/CMakeTmp'
Building C object CMakeFiles/cmTC_6e553.dir/CheckFunctionExists.c.o
/usr/bin/cc   -DCHECK_FUNCTION_EXISTS=pthread_create   -o CMakeFiles/cmTC_6e553.dir/CheckFunctionExists.c.o   -c /usr/share/cmake-3.10/Modules/CheckFunctionExists.c
Linking C executable cmTC_6e553
/usr/bin/cmake -E cmake_link_script CMakeFiles/cmTC_6e553.dir/link.txt --verbose=1
/usr/bin/cc  -DCHECK_FUNCTION_EXISTS=pthread_create    -rdynamic CMakeFiles/cmTC_6e553.dir/CheckFunctionExists.c.o  -o cmTC_6e553 -lpthreads 
/usr/bin/ld: cannot find -lpthreads
collect2: error: ld returned 1 exit status
CMakeFiles/cmTC_6e553.dir/build.make:97: recipe for target 'cmTC_6e553' failed
make[1]: *** [cmTC_6e553] Error 1
make[1]: Leaving directory '/home/noa/Desktop/catkin_ws/build/fake_ar_publisher/CMakeFiles/CMakeTmp'
Makefile:126: recipe for target 'cmTC_6e553/fast' failed
make: *** [cmTC_6e553/fast] Error 2


