Determining if the pthread_create exist failed with the following output:
Change Dir: /home/noa/Desktop/Robot_Repo/robot_ws/build/industrial_robot_simulator/CMakeFiles/CMakeTmp

Run Build Command:"/usr/bin/make" "cmTC_c5a1a/fast"
/usr/bin/make -f CMakeFiles/cmTC_c5a1a.dir/build.make CMakeFiles/cmTC_c5a1a.dir/build
make[1]: Entering directory '/home/noa/Desktop/Robot_Repo/robot_ws/build/industrial_robot_simulator/CMakeFiles/CMakeTmp'
Building C object CMakeFiles/cmTC_c5a1a.dir/CheckSymbolExists.c.o
/usr/bin/cc    -o CMakeFiles/cmTC_c5a1a.dir/CheckSymbolExists.c.o   -c /home/noa/Desktop/Robot_Repo/robot_ws/build/industrial_robot_simulator/CMakeFiles/CMakeTmp/CheckSymbolExists.c
Linking C executable cmTC_c5a1a
/usr/bin/cmake -E cmake_link_script CMakeFiles/cmTC_c5a1a.dir/link.txt --verbose=1
/usr/bin/cc      -rdynamic CMakeFiles/cmTC_c5a1a.dir/CheckSymbolExists.c.o  -o cmTC_c5a1a 
CMakeFiles/cmTC_c5a1a.dir/CheckSymbolExists.c.o: In function `main':
CheckSymbolExists.c:(.text+0x1b): undefined reference to `pthread_create'
collect2: error: ld returned 1 exit status
CMakeFiles/cmTC_c5a1a.dir/build.make:97: recipe for target 'cmTC_c5a1a' failed
make[1]: *** [cmTC_c5a1a] Error 1
make[1]: Leaving directory '/home/noa/Desktop/Robot_Repo/robot_ws/build/industrial_robot_simulator/CMakeFiles/CMakeTmp'
Makefile:126: recipe for target 'cmTC_c5a1a/fast' failed
make: *** [cmTC_c5a1a/fast] Error 2

File /home/noa/Desktop/Robot_Repo/robot_ws/build/industrial_robot_simulator/CMakeFiles/CMakeTmp/CheckSymbolExists.c:
/* */
#include <pthread.h>

int main(int argc, char** argv)
{
  (void)argv;
#ifndef pthread_create
  return ((int*)(&pthread_create))[argc];
#else
  (void)argc;
  return 0;
#endif
}

Determining if the function pthread_create exists in the pthreads failed with the following output:
Change Dir: /home/noa/Desktop/Robot_Repo/robot_ws/build/industrial_robot_simulator/CMakeFiles/CMakeTmp

Run Build Command:"/usr/bin/make" "cmTC_0ac52/fast"
/usr/bin/make -f CMakeFiles/cmTC_0ac52.dir/build.make CMakeFiles/cmTC_0ac52.dir/build
make[1]: Entering directory '/home/noa/Desktop/Robot_Repo/robot_ws/build/industrial_robot_simulator/CMakeFiles/CMakeTmp'
Building C object CMakeFiles/cmTC_0ac52.dir/CheckFunctionExists.c.o
/usr/bin/cc   -DCHECK_FUNCTION_EXISTS=pthread_create   -o CMakeFiles/cmTC_0ac52.dir/CheckFunctionExists.c.o   -c /usr/share/cmake-3.10/Modules/CheckFunctionExists.c
Linking C executable cmTC_0ac52
/usr/bin/cmake -E cmake_link_script CMakeFiles/cmTC_0ac52.dir/link.txt --verbose=1
/usr/bin/cc  -DCHECK_FUNCTION_EXISTS=pthread_create    -rdynamic CMakeFiles/cmTC_0ac52.dir/CheckFunctionExists.c.o  -o cmTC_0ac52 -lpthreads 
/usr/bin/ld: cannot find -lpthreads
collect2: error: ld returned 1 exit status
CMakeFiles/cmTC_0ac52.dir/build.make:97: recipe for target 'cmTC_0ac52' failed
make[1]: *** [cmTC_0ac52] Error 1
make[1]: Leaving directory '/home/noa/Desktop/Robot_Repo/robot_ws/build/industrial_robot_simulator/CMakeFiles/CMakeTmp'
Makefile:126: recipe for target 'cmTC_0ac52/fast' failed
make: *** [cmTC_0ac52/fast] Error 2


