Determining if the pthread_create exist failed with the following output:
Change Dir: /home/noa/Desktop/Robot_Repo/robot_ws/build/myworkcell_core/CMakeFiles/CMakeTmp

Run Build Command:"/usr/bin/make" "cmTC_b65e7/fast"
/usr/bin/make -f CMakeFiles/cmTC_b65e7.dir/build.make CMakeFiles/cmTC_b65e7.dir/build
make[1]: Entering directory '/home/noa/Desktop/Robot_Repo/robot_ws/build/myworkcell_core/CMakeFiles/CMakeTmp'
Building C object CMakeFiles/cmTC_b65e7.dir/CheckSymbolExists.c.o
/usr/bin/cc    -o CMakeFiles/cmTC_b65e7.dir/CheckSymbolExists.c.o   -c /home/noa/Desktop/Robot_Repo/robot_ws/build/myworkcell_core/CMakeFiles/CMakeTmp/CheckSymbolExists.c
Linking C executable cmTC_b65e7
/usr/bin/cmake -E cmake_link_script CMakeFiles/cmTC_b65e7.dir/link.txt --verbose=1
/usr/bin/cc      -rdynamic CMakeFiles/cmTC_b65e7.dir/CheckSymbolExists.c.o  -o cmTC_b65e7 
CMakeFiles/cmTC_b65e7.dir/CheckSymbolExists.c.o: In function `main':
CheckSymbolExists.c:(.text+0x1b): undefined reference to `pthread_create'
collect2: error: ld returned 1 exit status
CMakeFiles/cmTC_b65e7.dir/build.make:97: recipe for target 'cmTC_b65e7' failed
make[1]: *** [cmTC_b65e7] Error 1
make[1]: Leaving directory '/home/noa/Desktop/Robot_Repo/robot_ws/build/myworkcell_core/CMakeFiles/CMakeTmp'
Makefile:126: recipe for target 'cmTC_b65e7/fast' failed
make: *** [cmTC_b65e7/fast] Error 2

File /home/noa/Desktop/Robot_Repo/robot_ws/build/myworkcell_core/CMakeFiles/CMakeTmp/CheckSymbolExists.c:
/* */
#include <pthread.h>

int main(int argc, char** argv)
{
  (void)argv;
#ifndef pthread_create
  return ((int*)(&pthread_create))[argc];
#else
  (void)argc;
  return 0;
#endif
}

Determining if the function pthread_create exists in the pthreads failed with the following output:
Change Dir: /home/noa/Desktop/Robot_Repo/robot_ws/build/myworkcell_core/CMakeFiles/CMakeTmp

Run Build Command:"/usr/bin/make" "cmTC_d0c8b/fast"
/usr/bin/make -f CMakeFiles/cmTC_d0c8b.dir/build.make CMakeFiles/cmTC_d0c8b.dir/build
make[1]: Entering directory '/home/noa/Desktop/Robot_Repo/robot_ws/build/myworkcell_core/CMakeFiles/CMakeTmp'
Building C object CMakeFiles/cmTC_d0c8b.dir/CheckFunctionExists.c.o
/usr/bin/cc   -DCHECK_FUNCTION_EXISTS=pthread_create   -o CMakeFiles/cmTC_d0c8b.dir/CheckFunctionExists.c.o   -c /usr/share/cmake-3.10/Modules/CheckFunctionExists.c
Linking C executable cmTC_d0c8b
/usr/bin/cmake -E cmake_link_script CMakeFiles/cmTC_d0c8b.dir/link.txt --verbose=1
/usr/bin/cc  -DCHECK_FUNCTION_EXISTS=pthread_create    -rdynamic CMakeFiles/cmTC_d0c8b.dir/CheckFunctionExists.c.o  -o cmTC_d0c8b -lpthreads 
/usr/bin/ld: cannot find -lpthreads
collect2: error: ld returned 1 exit status
CMakeFiles/cmTC_d0c8b.dir/build.make:97: recipe for target 'cmTC_d0c8b' failed
make[1]: *** [cmTC_d0c8b] Error 1
make[1]: Leaving directory '/home/noa/Desktop/Robot_Repo/robot_ws/build/myworkcell_core/CMakeFiles/CMakeTmp'
Makefile:126: recipe for target 'cmTC_d0c8b/fast' failed
make: *** [cmTC_d0c8b/fast] Error 2


