[  0%] Built target sensor_msgs_generate_messages_nodejs
[  0%] Built target _myworkcell_core_generate_messages_check_deps_LocalizePart
[  0%] Built target tf_generate_messages_lisp
[  0%] Built target geometry_msgs_generate_messages_lisp
[  0%] Built target tf_generate_messages_eus
[  0%] Built target geometry_msgs_generate_messages_eus
[  0%] Built target geometry_msgs_generate_messages_cpp
[  0%] Built target tf_generate_messages_cpp
[  0%] Built target moveit_ros_manipulation_gencfg
[  0%] Built target octomap_msgs_generate_messages_eus
[  0%] Built target octomap_msgs_generate_messages_nodejs
[  0%] Built target object_recognition_msgs_generate_messages_py
[  0%] Built target object_recognition_msgs_generate_messages_nodejs
[  0%] Built target geometry_msgs_generate_messages_py
[  0%] Built target visualization_msgs_generate_messages_py
[  0%] Built target octomap_msgs_generate_messages_py
[  0%] Built target tf_generate_messages_nodejs
[  0%] Built target tf_generate_messages_py
[  0%] Built target sensor_msgs_generate_messages_py
[  0%] Built target sensor_msgs_generate_messages_cpp
[  0%] Built target sensor_msgs_generate_messages_eus
[  0%] Built target actionlib_generate_messages_eus
[  0%] Built target moveit_msgs_generate_messages_py
[  0%] Built target actionlib_generate_messages_lisp
[  0%] Built target actionlib_generate_messages_nodejs
[  0%] Built target shape_msgs_generate_messages_cpp
[  0%] Built target actionlib_msgs_generate_messages_cpp
[  0%] Built target roscpp_generate_messages_eus
[  0%] Built target rosgraph_msgs_generate_messages_py
[  0%] Built target actionlib_msgs_generate_messages_eus
[  0%] Built target actionlib_msgs_generate_messages_lisp
[  0%] Built target actionlib_msgs_generate_messages_py
[  0%] Built target tf2_msgs_generate_messages_lisp
[  0%] Built target actionlib_generate_messages_py
[  0%] Built target tf2_msgs_generate_messages_py
[  0%] Built target tf2_msgs_generate_messages_nodejs
[  0%] Built target shape_msgs_generate_messages_eus
[  0%] Built target shape_msgs_generate_messages_lisp
[  0%] Built target shape_msgs_generate_messages_nodejs
[  0%] Built target std_msgs_generate_messages_nodejs
[  0%] Built target moveit_msgs_generate_messages_cpp
[  0%] Built target moveit_msgs_generate_messages_eus
[  0%] Built target moveit_msgs_generate_messages_lisp
[  0%] Built target shape_msgs_generate_messages_py
[  0%] Built target trajectory_msgs_generate_messages_cpp
[  0%] Built target trajectory_msgs_generate_messages_lisp
[  0%] Built target trajectory_msgs_generate_messages_nodejs
[  0%] Built target actionlib_generate_messages_cpp
[  0%] Built target object_recognition_msgs_generate_messages_eus
[  0%] Built target object_recognition_msgs_generate_messages_lisp
[  0%] Built target geometry_msgs_generate_messages_nodejs
[  0%] Built target octomap_msgs_generate_messages_lisp
[  0%] Built target roscpp_generate_messages_lisp
[  0%] Built target std_msgs_generate_messages_lisp
[  0%] Built target roscpp_generate_messages_nodejs
[  0%] Built target moveit_ros_planning_gencfg
[  0%] Built target std_msgs_generate_messages_py
[  0%] Built target roscpp_generate_messages_py
[  0%] Built target trajectory_msgs_generate_messages_eus
[  0%] Built target rosgraph_msgs_generate_messages_cpp
[  0%] Built target fake_ar_publisher_generate_messages_cpp
[  0%] Built target visualization_msgs_generate_messages_cpp
[  0%] Built target tf2_msgs_generate_messages_eus
[  0%] Built target object_recognition_msgs_generate_messages_cpp
[  0%] Built target rosgraph_msgs_generate_messages_eus
[  0%] Built target rosgraph_msgs_generate_messages_lisp
[ 18%] Built target myworkcell_core_generate_messages_py
[ 18%] Built target fake_ar_publisher_generate_messages_eus
[ 18%] Built target visualization_msgs_generate_messages_lisp
[ 18%] Built target std_msgs_generate_messages_eus
[ 18%] Built target trajectory_msgs_generate_messages_py
[ 18%] Built target rosgraph_msgs_generate_messages_nodejs
[ 18%] Built target visualization_msgs_generate_messages_nodejs
[ 18%] Built target std_msgs_generate_messages_cpp
[ 18%] Built target visualization_msgs_generate_messages_eus
[ 18%] Built target fake_ar_publisher_generate_messages_py
[ 18%] Built target fake_ar_publisher_generate_messages_nodejs
[ 18%] Built target octomap_msgs_generate_messages_cpp
[ 18%] Built target fake_ar_publisher_generate_messages_lisp
[ 18%] Built target tf2_msgs_generate_messages_cpp
[ 27%] Built target myworkcell_core_generate_messages_nodejs
[ 27%] Built target sensor_msgs_generate_messages_lisp
[ 27%] Built target actionlib_msgs_generate_messages_nodejs
[ 27%] Built target roscpp_generate_messages_cpp
[ 27%] Built target moveit_msgs_generate_messages_nodejs
[ 36%] Built target myworkcell_core_generate_messages_lisp
[ 54%] Built target myworkcell_core_generate_messages_eus
[ 63%] Built target myworkcell_core_generate_messages_cpp
[ 81%] Built target myworkcell_node
[100%] Built target vision_node
[100%] Built target myworkcell_core_generate_messages
