Symlinking /home/noa/Desktop/Robot_Repo/robot_ws/devel/include/myworkcell_core/LocalizePartResponse.h
Symlinking /home/noa/Desktop/Robot_Repo/robot_ws/devel/include/myworkcell_core/LocalizePart.h
Symlinking /home/noa/Desktop/Robot_Repo/robot_ws/devel/include/myworkcell_core/LocalizePartRequest.h
Symlinking /home/noa/Desktop/Robot_Repo/robot_ws/devel/lib/python2.7/dist-packages/myworkcell_core/__init__.py
Symlinking /home/noa/Desktop/Robot_Repo/robot_ws/devel/lib/python2.7/dist-packages/myworkcell_core/srv/_LocalizePart.py
Symlinking /home/noa/Desktop/Robot_Repo/robot_ws/devel/lib/python2.7/dist-packages/myworkcell_core/srv/__init__.py
Symlinking /home/noa/Desktop/Robot_Repo/robot_ws/devel/lib/pkgconfig/myworkcell_core.pc
Symlinking /home/noa/Desktop/Robot_Repo/robot_ws/devel/lib/myworkcell_core/vision_node
Symlinking /home/noa/Desktop/Robot_Repo/robot_ws/devel/lib/myworkcell_core/myworkcell_node
Symlinking /home/noa/Desktop/Robot_Repo/robot_ws/devel/share/common-lisp/ros/myworkcell_core/srv/myworkcell_core-srv.asd
Symlinking /home/noa/Desktop/Robot_Repo/robot_ws/devel/share/common-lisp/ros/myworkcell_core/srv/LocalizePart.lisp
Symlinking /home/noa/Desktop/Robot_Repo/robot_ws/devel/share/common-lisp/ros/myworkcell_core/srv/_package.lisp
Symlinking /home/noa/Desktop/Robot_Repo/robot_ws/devel/share/common-lisp/ros/myworkcell_core/srv/_package_LocalizePart.lisp
Symlinking /home/noa/Desktop/Robot_Repo/robot_ws/devel/share/roseus/ros/myworkcell_core/manifest.l
Symlinking /home/noa/Desktop/Robot_Repo/robot_ws/devel/share/roseus/ros/myworkcell_core/srv/LocalizePart.l
Symlinking /home/noa/Desktop/Robot_Repo/robot_ws/devel/share/gennodejs/ros/myworkcell_core/_index.js
Symlinking /home/noa/Desktop/Robot_Repo/robot_ws/devel/share/gennodejs/ros/myworkcell_core/srv/_index.js
Symlinking /home/noa/Desktop/Robot_Repo/robot_ws/devel/share/gennodejs/ros/myworkcell_core/srv/LocalizePart.js
Symlinking /home/noa/Desktop/Robot_Repo/robot_ws/devel/share/myworkcell_core/cmake/myworkcell_core-msg-paths.cmake
Symlinking /home/noa/Desktop/Robot_Repo/robot_ws/devel/share/myworkcell_core/cmake/myworkcell_coreConfig.cmake
Symlinking /home/noa/Desktop/Robot_Repo/robot_ws/devel/share/myworkcell_core/cmake/myworkcell_coreConfig-version.cmake
Symlinking /home/noa/Desktop/Robot_Repo/robot_ws/devel/share/myworkcell_core/cmake/myworkcell_core-msg-extras.cmake
