Symlinking /home/noa/Desktop/Robot_Repo/robot_ws/devel/include/fake_ar_publisher/ARMarker.h
Symlinking /home/noa/Desktop/Robot_Repo/robot_ws/devel/lib/fake_ar_publisher/fake_ar_publisher_node
Symlinking /home/noa/Desktop/Robot_Repo/robot_ws/devel/lib/python2.7/dist-packages/fake_ar_publisher/__init__.py
Symlinking /home/noa/Desktop/Robot_Repo/robot_ws/devel/lib/python2.7/dist-packages/fake_ar_publisher/msg/__init__.py
Symlinking /home/noa/Desktop/Robot_Repo/robot_ws/devel/lib/python2.7/dist-packages/fake_ar_publisher/msg/_ARMarker.py
Symlinking /home/noa/Desktop/Robot_Repo/robot_ws/devel/lib/pkgconfig/fake_ar_publisher.pc
Symlinking /home/noa/Desktop/Robot_Repo/robot_ws/devel/share/common-lisp/ros/fake_ar_publisher/msg/_package_ARMarker.lisp
Symlinking /home/noa/Desktop/Robot_Repo/robot_ws/devel/share/common-lisp/ros/fake_ar_publisher/msg/fake_ar_publisher-msg.asd
Symlinking /home/noa/Desktop/Robot_Repo/robot_ws/devel/share/common-lisp/ros/fake_ar_publisher/msg/_package.lisp
Symlinking /home/noa/Desktop/Robot_Repo/robot_ws/devel/share/common-lisp/ros/fake_ar_publisher/msg/ARMarker.lisp
Symlinking /home/noa/Desktop/Robot_Repo/robot_ws/devel/share/roseus/ros/fake_ar_publisher/manifest.l
Symlinking /home/noa/Desktop/Robot_Repo/robot_ws/devel/share/roseus/ros/fake_ar_publisher/msg/ARMarker.l
Symlinking /home/noa/Desktop/Robot_Repo/robot_ws/devel/share/fake_ar_publisher/cmake/fake_ar_publisher-msg-paths.cmake
Symlinking /home/noa/Desktop/Robot_Repo/robot_ws/devel/share/fake_ar_publisher/cmake/fake_ar_publisherConfig.cmake
Symlinking /home/noa/Desktop/Robot_Repo/robot_ws/devel/share/fake_ar_publisher/cmake/fake_ar_publisherConfig-version.cmake
Symlinking /home/noa/Desktop/Robot_Repo/robot_ws/devel/share/fake_ar_publisher/cmake/fake_ar_publisher-msg-extras.cmake
Symlinking /home/noa/Desktop/Robot_Repo/robot_ws/devel/share/gennodejs/ros/fake_ar_publisher/_index.js
Symlinking /home/noa/Desktop/Robot_Repo/robot_ws/devel/share/gennodejs/ros/fake_ar_publisher/msg/_index.js
Symlinking /home/noa/Desktop/Robot_Repo/robot_ws/devel/share/gennodejs/ros/fake_ar_publisher/msg/ARMarker.js
Cleaning: (/home/noa/Desktop/catkin_ws/devel/.private/fake_ar_publisher/cmake.lock, /home/noa/Desktop/catkin_ws/devel/./cmake.lock)
Cleaning: (/home/noa/Desktop/catkin_ws/devel/.private/fake_ar_publisher/include/fake_ar_publisher/ARMarker.h, /home/noa/Desktop/catkin_ws/devel/include/fake_ar_publisher/ARMarker.h)
Cleaning: (/home/noa/Desktop/catkin_ws/devel/.private/fake_ar_publisher/lib/fake_ar_publisher/fake_ar_publisher_node, /home/noa/Desktop/catkin_ws/devel/lib/fake_ar_publisher/fake_ar_publisher_node)
Cleaning: (/home/noa/Desktop/catkin_ws/devel/.private/fake_ar_publisher/lib/python2.7/dist-packages/fake_ar_publisher/__init__.py, /home/noa/Desktop/catkin_ws/devel/lib/python2.7/dist-packages/fake_ar_publisher/__init__.py)
Cleaning: (/home/noa/Desktop/catkin_ws/devel/.private/fake_ar_publisher/lib/python2.7/dist-packages/fake_ar_publisher/msg/__init__.py, /home/noa/Desktop/catkin_ws/devel/lib/python2.7/dist-packages/fake_ar_publisher/msg/__init__.py)
Cleaning: (/home/noa/Desktop/catkin_ws/devel/.private/fake_ar_publisher/lib/python2.7/dist-packages/fake_ar_publisher/msg/_ARMarker.py, /home/noa/Desktop/catkin_ws/devel/lib/python2.7/dist-packages/fake_ar_publisher/msg/_ARMarker.py)
Cleaning: (/home/noa/Desktop/catkin_ws/devel/.private/fake_ar_publisher/lib/pkgconfig/fake_ar_publisher.pc, /home/noa/Desktop/catkin_ws/devel/lib/pkgconfig/fake_ar_publisher.pc)
Cleaning: (/home/noa/Desktop/catkin_ws/devel/.private/fake_ar_publisher/share/common-lisp/ros/fake_ar_publisher/msg/_package_ARMarker.lisp, /home/noa/Desktop/catkin_ws/devel/share/common-lisp/ros/fake_ar_publisher/msg/_package_ARMarker.lisp)
Cleaning: (/home/noa/Desktop/catkin_ws/devel/.private/fake_ar_publisher/share/common-lisp/ros/fake_ar_publisher/msg/fake_ar_publisher-msg.asd, /home/noa/Desktop/catkin_ws/devel/share/common-lisp/ros/fake_ar_publisher/msg/fake_ar_publisher-msg.asd)
Cleaning: (/home/noa/Desktop/catkin_ws/devel/.private/fake_ar_publisher/share/common-lisp/ros/fake_ar_publisher/msg/_package.lisp, /home/noa/Desktop/catkin_ws/devel/share/common-lisp/ros/fake_ar_publisher/msg/_package.lisp)
Cleaning: (/home/noa/Desktop/catkin_ws/devel/.private/fake_ar_publisher/share/common-lisp/ros/fake_ar_publisher/msg/ARMarker.lisp, /home/noa/Desktop/catkin_ws/devel/share/common-lisp/ros/fake_ar_publisher/msg/ARMarker.lisp)
Cleaning: (/home/noa/Desktop/catkin_ws/devel/.private/fake_ar_publisher/share/roseus/ros/fake_ar_publisher/manifest.l, /home/noa/Desktop/catkin_ws/devel/share/roseus/ros/fake_ar_publisher/manifest.l)
Cleaning: (/home/noa/Desktop/catkin_ws/devel/.private/fake_ar_publisher/share/roseus/ros/fake_ar_publisher/msg/ARMarker.l, /home/noa/Desktop/catkin_ws/devel/share/roseus/ros/fake_ar_publisher/msg/ARMarker.l)
Cleaning: (/home/noa/Desktop/catkin_ws/devel/.private/fake_ar_publisher/share/fake_ar_publisher/cmake/fake_ar_publisher-msg-paths.cmake, /home/noa/Desktop/catkin_ws/devel/share/fake_ar_publisher/cmake/fake_ar_publisher-msg-paths.cmake)
Cleaning: (/home/noa/Desktop/catkin_ws/devel/.private/fake_ar_publisher/share/fake_ar_publisher/cmake/fake_ar_publisherConfig.cmake, /home/noa/Desktop/catkin_ws/devel/share/fake_ar_publisher/cmake/fake_ar_publisherConfig.cmake)
Cleaning: (/home/noa/Desktop/catkin_ws/devel/.private/fake_ar_publisher/share/fake_ar_publisher/cmake/fake_ar_publisherConfig-version.cmake, /home/noa/Desktop/catkin_ws/devel/share/fake_ar_publisher/cmake/fake_ar_publisherConfig-version.cmake)
Cleaning: (/home/noa/Desktop/catkin_ws/devel/.private/fake_ar_publisher/share/fake_ar_publisher/cmake/fake_ar_publisher-msg-extras.cmake, /home/noa/Desktop/catkin_ws/devel/share/fake_ar_publisher/cmake/fake_ar_publisher-msg-extras.cmake)
Cleaning: (/home/noa/Desktop/catkin_ws/devel/.private/fake_ar_publisher/share/gennodejs/ros/fake_ar_publisher/_index.js, /home/noa/Desktop/catkin_ws/devel/share/gennodejs/ros/fake_ar_publisher/_index.js)
Cleaning: (/home/noa/Desktop/catkin_ws/devel/.private/fake_ar_publisher/share/gennodejs/ros/fake_ar_publisher/msg/_index.js, /home/noa/Desktop/catkin_ws/devel/share/gennodejs/ros/fake_ar_publisher/msg/_index.js)
Cleaning: (/home/noa/Desktop/catkin_ws/devel/.private/fake_ar_publisher/share/gennodejs/ros/fake_ar_publisher/msg/ARMarker.js, /home/noa/Desktop/catkin_ws/devel/share/gennodejs/ros/fake_ar_publisher/msg/ARMarker.js)
Unlinking: /home/noa/Desktop/catkin_ws/devel/include/fake_ar_publisher/ARMarker.h
Unlinking: /home/noa/Desktop/catkin_ws/devel/lib/fake_ar_publisher/fake_ar_publisher_node
Unlinking: /home/noa/Desktop/catkin_ws/devel/lib/python2.7/dist-packages/fake_ar_publisher/__init__.py
Unlinking: /home/noa/Desktop/catkin_ws/devel/lib/python2.7/dist-packages/fake_ar_publisher/msg/__init__.py
Unlinking: /home/noa/Desktop/catkin_ws/devel/lib/python2.7/dist-packages/fake_ar_publisher/msg/_ARMarker.py
Unlinking: /home/noa/Desktop/catkin_ws/devel/lib/pkgconfig/fake_ar_publisher.pc
Unlinking: /home/noa/Desktop/catkin_ws/devel/share/common-lisp/ros/fake_ar_publisher/msg/_package_ARMarker.lisp
Unlinking: /home/noa/Desktop/catkin_ws/devel/share/common-lisp/ros/fake_ar_publisher/msg/fake_ar_publisher-msg.asd
Unlinking: /home/noa/Desktop/catkin_ws/devel/share/common-lisp/ros/fake_ar_publisher/msg/_package.lisp
Unlinking: /home/noa/Desktop/catkin_ws/devel/share/common-lisp/ros/fake_ar_publisher/msg/ARMarker.lisp
Unlinking: /home/noa/Desktop/catkin_ws/devel/share/roseus/ros/fake_ar_publisher/manifest.l
Unlinking: /home/noa/Desktop/catkin_ws/devel/share/roseus/ros/fake_ar_publisher/msg/ARMarker.l
Unlinking: /home/noa/Desktop/catkin_ws/devel/share/fake_ar_publisher/cmake/fake_ar_publisher-msg-paths.cmake
Unlinking: /home/noa/Desktop/catkin_ws/devel/share/fake_ar_publisher/cmake/fake_ar_publisherConfig.cmake
Unlinking: /home/noa/Desktop/catkin_ws/devel/share/fake_ar_publisher/cmake/fake_ar_publisherConfig-version.cmake
Unlinking: /home/noa/Desktop/catkin_ws/devel/share/fake_ar_publisher/cmake/fake_ar_publisher-msg-extras.cmake
Unlinking: /home/noa/Desktop/catkin_ws/devel/share/gennodejs/ros/fake_ar_publisher/_index.js
Unlinking: /home/noa/Desktop/catkin_ws/devel/share/gennodejs/ros/fake_ar_publisher/msg/_index.js
Unlinking: /home/noa/Desktop/catkin_ws/devel/share/gennodejs/ros/fake_ar_publisher/msg/ARMarker.js
